2024-11-11 20:49:59,010 - Moved '!qhlogs.doc' to 'Documents & Text Files' folder.
2024-11-11 20:49:59,012 - Moved 'Abstract Geometric_ Layer colorful geometric shapes (triangles, circles). Use vibrant colors and transparency for depth. Place the text Reach your \u092e\u0902\u091c\u093c\u093f\u0932 over the design in a bold font..png' to 'Images & Graphics' folder.
2024-11-11 20:49:59,012 - Moved 'ales-krivec-hsX9KpLLsIE-unsplash.jpg' to 'Images & Graphics' folder.
2024-11-11 20:49:59,012 - Moved 'Assignment 1 QM.pdf' to 'Documents & Text Files' folder.
2024-11-11 20:49:59,017 - Moved 'btech-oe-8-sem-quality-management-koe-085-2023.pdf' to 'Documents & Text Files' folder.
2024-11-11 20:49:59,025 - Moved 'CertificateOfCompletion_The NonTechnical Skills of Effective Data Scientists (1).pdf' to 'Documents & Text Files' folder.
2024-11-11 20:49:59,026 - Moved 'CertificateOfCompletion_The NonTechnical Skills of Effective Data Scientists.pdf' to 'Documents & Text Files' folder.
2024-11-11 20:49:59,026 - Moved 'Designer (1).png' to 'Images & Graphics' folder.
2024-11-11 20:49:59,026 - Moved 'Designer.png' to 'Images & Graphics' folder.
2024-11-11 20:49:59,030 - Moved 'DWDM CASE STUDIES.pdf' to 'Documents & Text Files' folder.
2024-11-11 20:49:59,030 - Moved 'Git-2.45.2-64-bit.exe' to 'Applications & Executables' folder.
2024-11-11 20:49:59,030 - Moved 'Knowledge Check Cisco.pdf' to 'Documents & Text Files' folder.
2024-11-11 20:49:59,034 - Moved 'Packet_Tracer822_64bit_setup_signed.exe' to 'Applications & Executables' folder.
2024-11-11 20:49:59,036 - Moved 'Quantum.pdf' to 'Documents & Text Files' folder.
2024-11-11 20:49:59,037 - Moved 'Siddharth Chourasia Resume.pdf' to 'Documents & Text Files' folder.
2024-11-11 20:49:59,037 - Moved 'TeamViewer_Setup_x64.exe' to 'Applications & Executables' folder.
2024-11-11 20:49:59,037 - Moved 'The Invisibles (2024) 720p.WEB.torrent' to 'Torrents & Downloads' folder.
2024-11-11 20:49:59,037 - Moved 'unit 4.pdf' to 'Documents & Text Files' folder.
2024-11-11 20:49:59,043 - Moved 'unit 5.pdf' to 'Documents & Text Files' folder.
2024-11-11 20:49:59,044 - Moved 'Untitled.ipynb' to 'Code & Scripts' folder.
2024-11-11 20:49:59,044 - Moved 'Untitled1.ipynb' to 'Code & Scripts' folder.
2024-11-11 20:49:59,044 - Moved 'Wallpaper.webp' to 'Images & Graphics' folder.
2024-11-11 20:49:59,047 - Moved 'You did not clear (1).png' to 'Images & Graphics' folder.
2024-11-11 20:49:59,047 - Moved 'You did not clear.png' to 'Images & Graphics' folder.
